Build started 7/13/2014 3:00:35 PM.
     1>Project "C:\Users\Wk\Documents\GitHub\FEXAW\FEXAW\FEXAW.vcxproj" on node 2 (Build target(s)).
     1>Link:
         C:\Program Files (x86)\Microsoft Visual Studio 11.0\VC\bin\link.exe /ERRORREPORT:PROMPT /OUT:"C:\Users\Wk\Documents\GitHub\FEXAW\Debug\FEXAW.exe" /INCREMENTAL /NOLOGO /LIBPATH:"C:\SFML-2.1\lib" "sfml-main.lib" "sfml-graphics-s.lib" "sfml-window-s.lib" "sfml-system-s.lib" kernel32.lib user32.lib gdi32.lib winspool.lib comdlg32.lib advapi32.lib shell32.lib ole32.lib oleaut32.lib uuid.lib odbc32.lib odbccp32.lib kernel32.lib user32.lib gdi32.lib winspool.lib comdlg32.lib advapi32.lib shell32.lib ole32.lib oleaut32.lib uuid.lib odbc32.lib odbccp32.lib /MANIFEST /MANIFESTUAC:"level='asInvoker' uiAccess='false'" /manifest:embed /DEBUG /PDB:"C:\Users\Wk\Documents\GitHub\FEXAW\Debug\FEXAW.pdb" /SUBSYSTEM:WINDOWS /TLBID:1 /DYNAMICBASE /NXCOMPAT /IMPLIB:"C:\Users\Wk\Documents\GitHub\FEXAW\Debug\FEXAW.lib" /MACHINE:X86 Debug\Game.obj
         Debug\main.obj
         Debug\Stage.obj
         Debug\TextureHolder.obj
     1>MSVCRTD.lib(cinitexe.obj) : warning LNK4098: defaultlib 'msvcrt.lib' conflicts with use of other libs; use /NODEFAULTLIB:library
     1>Game.obj : error LNK2019: unresolved external symbol "__declspec(dllimport) class sf::Time __cdecl sf::seconds(float)" (__imp_?seconds@sf@@YA?AVTime@1@M@Z) referenced in function "public: __thiscall Game::Game(void)" (??0Game@@QAE@XZ)
     1>Game.obj : error LNK2019: unresolved external symbol "__declspec(dllimport) bool __cdecl sf::operator>(class sf::Time,class sf::Time)" (__imp_??Osf@@YA_NVTime@0@0@Z) referenced in function "public: void __thiscall Game::run(void)" (?run@Game@@QAEXXZ)
     1>Game.obj : error LNK2019: unresolved external symbol "__declspec(dllimport) class sf::Time & __cdecl sf::operator+=(class sf::Time &,class sf::Time)" (__imp_??Ysf@@YAAAVTime@0@AAV10@V10@@Z) referenced in function "public: void __thiscall Game::run(void)" (?run@Game@@QAEXXZ)
     1>Game.obj : error LNK2019: unresolved external symbol "__declspec(dllimport) class sf::Time & __cdecl sf::operator-=(class sf::Time &,class sf::Time)" (__imp_??Zsf@@YAAAVTime@0@AAV10@V10@@Z) referenced in function "public: void __thiscall Game::run(void)" (?run@Game@@QAEXXZ)
     1>Game.obj : error LNK2019: unresolved external symbol "__declspec(dllimport) public: __thiscall sf::Clock::Clock(void)" (__imp_??0Clock@sf@@QAE@XZ) referenced in function "public: void __thiscall Game::run(void)" (?run@Game@@QAEXXZ)
     1>Game.obj : error LNK2019: unresolved external symbol "__declspec(dllimport) public: class sf::Time __thiscall sf::Clock::restart(void)" (__imp_?restart@Clock@sf@@QAE?AVTime@2@XZ) referenced in function "public: void __thiscall Game::run(void)" (?run@Game@@QAEXXZ)
     1>Game.obj : error LNK2019: unresolved external symbol "__declspec(dllimport) public: __thiscall sf::String::String(char const *,class std::locale const &)" (__imp_??0String@sf@@QAE@PBDABVlocale@std@@@Z) referenced in function "public: __thiscall Game::Game(void)" (??0Game@@QAE@XZ)
     1>Game.obj : error LNK2019: unresolved external symbol "__declspec(dllimport) public: __thiscall sf::String::~String(void)" (__imp_??1String@sf@@QAE@XZ) referenced in function "public: __thiscall Game::Game(void)" (??0Game@@QAE@XZ)
     1>Game.obj : error LNK2019: unresolved external symbol "__declspec(dllimport) public: __thiscall sf::VideoMode::VideoMode(unsigned int,unsigned int,unsigned int)" (__imp_??0VideoMode@sf@@QAE@III@Z) referenced in function "public: __thiscall Game::Game(void)" (??0Game@@QAE@XZ)
     1>Game.obj : error LNK2019: unresolved external symbol "__declspec(dllimport) public: void __thiscall sf::Window::close(void)" (__imp_?close@Window@sf@@QAEXXZ) referenced in function "protected: void __thiscall Game::processEvents(void)" (?processEvents@Game@@IAEXXZ)
     1>Game.obj : error LNK2019: unresolved external symbol "__declspec(dllimport) public: bool __thiscall sf::Window::isOpen(void)const " (__imp_?isOpen@Window@sf@@QBE_NXZ) referenced in function "public: void __thiscall Game::run(void)" (?run@Game@@QAEXXZ)
     1>Game.obj : error LNK2019: unresolved external symbol "__declspec(dllimport) public: bool __thiscall sf::Window::pollEvent(class sf::Event &)" (__imp_?pollEvent@Window@sf@@QAE_NAAVEvent@2@@Z) referenced in function "protected: void __thiscall Game::processEvents(void)" (?processEvents@Game@@IAEXXZ)
     1>Game.obj : error LNK2019: unresolved external symbol "__declspec(dllimport) public: void __thiscall sf::Window::display(void)" (__imp_?display@Window@sf@@QAEXXZ) referenced in function "protected: void __thiscall Game::render(void)" (?render@Game@@IAEXXZ)
     1>Game.obj : error LNK2019: unresolved external symbol "__declspec(dllimport) public: __thiscall sf::Color::Color(unsigned char,unsigned char,unsigned char,unsigned char)" (__imp_??0Color@sf@@QAE@EEEE@Z) referenced in function "protected: void __thiscall Game::render(void)" (?render@Game@@IAEXXZ)
     1>Game.obj : error LNK2019: unresolved external symbol "__declspec(dllimport) public: void __thiscall sf::RenderTarget::clear(class sf::Color const &)" (__imp_?clear@RenderTarget@sf@@QAEXABVColor@2@@Z) referenced in function "protected: void __thiscall Game::render(void)" (?render@Game@@IAEXXZ)
     1>Game.obj : error LNK2019: unresolved external symbol "__declspec(dllimport) public: __thiscall sf::RenderWindow::RenderWindow(class sf::VideoMode,class sf::String const &,unsigned int,struct sf::ContextSettings const &)" (__imp_??0RenderWindow@sf@@QAE@VVideoMode@1@ABVString@1@IABUContextSettings@1@@Z) referenced in function "public: __thiscall Game::Game(void)" (??0Game@@QAE@XZ)
     1>Game.obj : error LNK2019: unresolved external symbol "__declspec(dllimport) public: virtual __thiscall sf::RenderWindow::~RenderWindow(void)" (__imp_??1RenderWindow@sf@@UAE@XZ) referenced in function __unwindfunclet$??0Game@@QAE@XZ$2
     1>main.obj : error LNK2001: unresolved external symbol "__declspec(dllimport) public: virtual __thiscall sf::RenderWindow::~RenderWindow(void)" (__imp_??1RenderWindow@sf@@UAE@XZ)
     1>Game.obj : error LNK2001: unresolved external symbol "__declspec(dllimport) public: static class sf::Time const sf::Time::Zero" (__imp_?Zero@Time@sf@@2V12@B)
     1>TextureHolder.obj : error LNK2019: unresolved external symbol "__declspec(dllimport) public: __thiscall sf::Texture::Texture(void)" (__imp_??0Texture@sf@@QAE@XZ) referenced in function "public: void __thiscall TextureHolder::load(enum Textures::ID,class std::basic_string<char,struct std::char_traits<char>,class std::allocator<char> > const &)" (?load@TextureHolder@@QAEXW4ID@Textures@@ABV?$basic_string@DU?$char_traits@D@std@@V?$allocator@D@2@@std@@@Z)
     1>TextureHolder.obj : error LNK2019: unresolved external symbol "__declspec(dllimport) public: __thiscall sf::Texture::~Texture(void)" (__imp_??1Texture@sf@@QAE@XZ) referenced in function "public: void * __thiscall sf::Texture::`scalar deleting destructor'(unsigned int)" (??_GTexture@sf@@QAEPAXI@Z)
     1>TextureHolder.obj : error LNK2019: unresolved external symbol "__declspec(dllimport) public: bool __thiscall sf::Texture::loadFromFile(class std::basic_string<char,struct std::char_traits<char>,class std::allocator<char> > const &,class sf::Rect<int> const &)" (__imp_?loadFromFile@Texture@sf@@QAE_NABV?$basic_string@DU?$char_traits@D@std@@V?$allocator@D@2@@std@@ABV?$Rect@H@2@@Z) referenced in function "public: void __thiscall TextureHolder::load(enum Textures::ID,class std::basic_string<char,struct std::char_traits<char>,class std::allocator<char> > const &)" (?load@TextureHolder@@QAEXW4ID@Textures@@ABV?$basic_string@DU?$char_traits@D@std@@V?$allocator@D@2@@std@@@Z)
     1>C:\Users\Wk\Documents\GitHub\FEXAW\Debug\FEXAW.exe : fatal error LNK1120: 21 unresolved externals
     1>Done Building Project "C:\Users\Wk\Documents\GitHub\FEXAW\FEXAW\FEXAW.vcxproj" (Build target(s)) -- FAILED.

Build FAILED.

Time Elapsed 00:00:00.93
